<?xml version="1.0" encoding="UTF-8"?>
<testsuite name="br.com.innovativethinking.framework.security.model.UserTest" tests="23" skipped="0" failures="0" errors="0" timestamp="2020-10-16T16:36:41" hostname="neo.localdomain" time="0.016">
  <properties/>
  <testcase name="mfaToken_Test" classname="br.com.innovativethinking.framework.security.model.UserTest" time="0.0"/>
  <testcase name="loginParameter_Test" classname="br.com.innovativethinking.framework.security.model.UserTest" time="0.008"/>
  <testcase name="logo_Test" classname="br.com.innovativethinking.framework.security.model.UserTest" time="0.0"/>
  <testcase name="lastLogin_Test" classname="br.com.innovativethinking.framework.security.model.UserTest" time="0.0"/>
  <testcase name="newPassword_Test" classname="br.com.innovativethinking.framework.security.model.UserTest" time="0.0"/>
  <testcase name="active_Test" classname="br.com.innovativethinking.framework.security.model.UserTest" time="0.0"/>
  <testcase name="compareAccuracy_Test" classname="br.com.innovativethinking.framework.security.model.UserTest" time="0.001"/>
  <testcase name="sortPropertyId_Test" classname="br.com.innovativethinking.framework.security.model.UserTest" time="0.0"/>
  <testcase name="superUser_Test" classname="br.com.innovativethinking.framework.security.model.UserTest" time="0.0"/>
  <testcase name="level_Test" classname="br.com.innovativethinking.framework.security.model.UserTest" time="0.0"/>
  <testcase name="password_Test" classname="br.com.innovativethinking.framework.security.model.UserTest" time="0.001"/>
  <testcase name="index_Test" classname="br.com.innovativethinking.framework.security.model.UserTest" time="0.0"/>
  <testcase name="fullName_Test" classname="br.com.innovativethinking.framework.security.model.UserTest" time="0.0"/>
  <testcase name="phoneNumber_Test" classname="br.com.innovativethinking.framework.security.model.UserTest" time="0.0"/>
  <testcase name="parent_Test" classname="br.com.innovativethinking.framework.security.model.UserTest" time="0.002"/>
  <testcase name="name_Test" classname="br.com.innovativethinking.framework.security.model.UserTest" time="0.001"/>
  <testcase name="children_Test" classname="br.com.innovativethinking.framework.security.model.UserTest" time="0.0"/>
  <testcase name="email_Test" classname="br.com.innovativethinking.framework.security.model.UserTest" time="0.0"/>
  <testcase name="confirmPassword_Test" classname="br.com.innovativethinking.framework.security.model.UserTest" time="0.0"/>
  <testcase name="lastUpdate_Test" classname="br.com.innovativethinking.framework.security.model.UserTest" time="0.0"/>
  <testcase name="id_Test" classname="br.com.innovativethinking.framework.security.model.UserTest" time="0.0"/>
  <testcase name="groups_Test" classname="br.com.innovativethinking.framework.security.model.UserTest" time="0.0"/>
  <testcase name="creation_Test" classname="br.com.innovativethinking.framework.security.model.UserTest" time="0.0"/>
  <system-out><![CDATA[]]></system-out>
  <system-err><![CDATA[]]></system-err>
</testsuite>
