<?xml version="1.0" encoding="UTF-8"?>
<testsuite name="br.com.innovativethinking.framework.security.model.LoginSessionTest" tests="13" skipped="0" failures="0" errors="0" timestamp="2020-10-16T16:36:40" hostname="neo.localdomain" time="0.449">
  <properties/>
  <testcase name="active_Test" classname="br.com.innovativethinking.framework.security.model.LoginSessionTest" time="0.003"/>
  <testcase name="compareAccuracy_Test" classname="br.com.innovativethinking.framework.security.model.LoginSessionTest" time="0.001"/>
  <testcase name="sortPropertyId_Test" classname="br.com.innovativethinking.framework.security.model.LoginSessionTest" time="0.0"/>
  <testcase name="systemSession_Test" classname="br.com.innovativethinking.framework.security.model.LoginSessionTest" time="0.414"/>
  <testcase name="level_Test" classname="br.com.innovativethinking.framework.security.model.LoginSessionTest" time="0.0"/>
  <testcase name="systemModule_Test" classname="br.com.innovativethinking.framework.security.model.LoginSessionTest" time="0.01"/>
  <testcase name="user_Test" classname="br.com.innovativethinking.framework.security.model.LoginSessionTest" time="0.012"/>
  <testcase name="index_Test" classname="br.com.innovativethinking.framework.security.model.LoginSessionTest" time="0.0"/>
  <testcase name="parent_Test" classname="br.com.innovativethinking.framework.security.model.LoginSessionTest" time="0.007"/>
  <testcase name="startDateTime_Test" classname="br.com.innovativethinking.framework.security.model.LoginSessionTest" time="0.0"/>
  <testcase name="children_Test" classname="br.com.innovativethinking.framework.security.model.LoginSessionTest" time="0.0"/>
  <testcase name="rememberUserAndPassword_Test" classname="br.com.innovativethinking.framework.security.model.LoginSessionTest" time="0.0"/>
  <testcase name="id_Test" classname="br.com.innovativethinking.framework.security.model.LoginSessionTest" time="0.0"/>
  <system-out><![CDATA[]]></system-out>
  <system-err><![CDATA[log4j:WARN No appenders could be found for logger (org.apache.commons.beanutils.converters.BooleanConverter).
log4j:WARN Please initialize the log4j system properly.
log4j:WARN See http://logging.apache.org/log4j/1.2/faq.html#noconfig for more info.
]]></system-err>
</testsuite>
