<?xml version="1.0" encoding="UTF-8"?>
<testsuite name="br.com.innovativethinking.framework.security.model.GroupTest" tests="13" skipped="0" failures="0" errors="0" timestamp="2020-10-16T16:36:41" hostname="neo.localdomain" time="0.018">
  <properties/>
  <testcase name="users_Test" classname="br.com.innovativethinking.framework.security.model.GroupTest" time="0.0"/>
  <testcase name="title_Test" classname="br.com.innovativethinking.framework.security.model.GroupTest" time="0.0"/>
  <testcase name="compareAccuracy_Test" classname="br.com.innovativethinking.framework.security.model.GroupTest" time="0.0"/>
  <testcase name="sortPropertyId_Test" classname="br.com.innovativethinking.framework.security.model.GroupTest" time="0.0"/>
  <testcase name="objects_Test" classname="br.com.innovativethinking.framework.security.model.GroupTest" time="0.0"/>
  <testcase name="level_Test" classname="br.com.innovativethinking.framework.security.model.GroupTest" time="0.0"/>
  <testcase name="description_Test" classname="br.com.innovativethinking.framework.security.model.GroupTest" time="0.0"/>
  <testcase name="index_Test" classname="br.com.innovativethinking.framework.security.model.GroupTest" time="0.0"/>
  <testcase name="accesses_Test" classname="br.com.innovativethinking.framework.security.model.GroupTest" time="0.0"/>
  <testcase name="parent_Test" classname="br.com.innovativethinking.framework.security.model.GroupTest" time="0.016"/>
  <testcase name="name_Test" classname="br.com.innovativethinking.framework.security.model.GroupTest" time="0.0"/>
  <testcase name="children_Test" classname="br.com.innovativethinking.framework.security.model.GroupTest" time="0.0"/>
  <testcase name="id_Test" classname="br.com.innovativethinking.framework.security.model.GroupTest" time="0.0"/>
  <system-out><![CDATA[]]></system-out>
  <system-err><![CDATA[]]></system-err>
</testsuite>
