<?xml version="1.0" encoding="UTF-8"?>
<testsuite name="br.com.innovativethinking.framework.model.SystemModuleTest" tests="18" skipped="0" failures="0" errors="0" timestamp="2020-10-16T16:36:41" hostname="neo.localdomain" time="0.005">
  <properties/>
  <testcase name="title_Test" classname="br.com.innovativethinking.framework.model.SystemModuleTest" time="0.0"/>
  <testcase name="logo_Test" classname="br.com.innovativethinking.framework.model.SystemModuleTest" time="0.0"/>
  <testcase name="active_Test" classname="br.com.innovativethinking.framework.model.SystemModuleTest" time="0.001"/>
  <testcase name="compareAccuracy_Test" classname="br.com.innovativethinking.framework.model.SystemModuleTest" time="0.0"/>
  <testcase name="url_Test" classname="br.com.innovativethinking.framework.model.SystemModuleTest" time="0.0"/>
  <testcase name="sortPropertyId_Test" classname="br.com.innovativethinking.framework.model.SystemModuleTest" time="0.0"/>
  <testcase name="version_Test" classname="br.com.innovativethinking.framework.model.SystemModuleTest" time="0.0"/>
  <testcase name="domain_Test" classname="br.com.innovativethinking.framework.model.SystemModuleTest" time="0.0"/>
  <testcase name="level_Test" classname="br.com.innovativethinking.framework.model.SystemModuleTest" time="0.0"/>
  <testcase name="description_Test" classname="br.com.innovativethinking.framework.model.SystemModuleTest" time="0.0"/>
  <testcase name="exclusionUrls_Test" classname="br.com.innovativethinking.framework.model.SystemModuleTest" time="0.0"/>
  <testcase name="index_Test" classname="br.com.innovativethinking.framework.model.SystemModuleTest" time="0.0"/>
  <testcase name="copyright_Test" classname="br.com.innovativethinking.framework.model.SystemModuleTest" time="0.0"/>
  <testcase name="forms_Test" classname="br.com.innovativethinking.framework.model.SystemModuleTest" time="0.0"/>
  <testcase name="parent_Test" classname="br.com.innovativethinking.framework.model.SystemModuleTest" time="0.001"/>
  <testcase name="name_Test" classname="br.com.innovativethinking.framework.model.SystemModuleTest" time="0.001"/>
  <testcase name="children_Test" classname="br.com.innovativethinking.framework.model.SystemModuleTest" time="0.0"/>
  <testcase name="id_Test" classname="br.com.innovativethinking.framework.model.SystemModuleTest" time="0.0"/>
  <system-out><![CDATA[]]></system-out>
  <system-err><![CDATA[]]></system-err>
</testsuite>
