<?xml version="1.0" encoding="UTF-8"?>
<testsuite name="br.com.innovativethinking.framework.security.model.AccessTest" tests="9" skipped="0" failures="0" errors="0" timestamp="2020-10-16T16:36:41" hostname="neo.localdomain" time="0.011">
  <properties/>
  <testcase name="compareAccuracy_Test" classname="br.com.innovativethinking.framework.security.model.AccessTest" time="0.0"/>
  <testcase name="url_Test" classname="br.com.innovativethinking.framework.security.model.AccessTest" time="0.004"/>
  <testcase name="sortPropertyId_Test" classname="br.com.innovativethinking.framework.security.model.AccessTest" time="0.001"/>
  <testcase name="blocked_Test" classname="br.com.innovativethinking.framework.security.model.AccessTest" time="0.0"/>
  <testcase name="level_Test" classname="br.com.innovativethinking.framework.security.model.AccessTest" time="0.0"/>
  <testcase name="index_Test" classname="br.com.innovativethinking.framework.security.model.AccessTest" time="0.0"/>
  <testcase name="parent_Test" classname="br.com.innovativethinking.framework.security.model.AccessTest" time="0.004"/>
  <testcase name="children_Test" classname="br.com.innovativethinking.framework.security.model.AccessTest" time="0.0"/>
  <testcase name="id_Test" classname="br.com.innovativethinking.framework.security.model.AccessTest" time="0.0"/>
  <system-out><![CDATA[]]></system-out>
  <system-err><![CDATA[]]></system-err>
</testsuite>
