<?xml version="1.0" encoding="UTF-8"?>
<testsuite name="br.com.innovativethinking.framework.model.ObjectTest" tests="17" skipped="0" failures="0" errors="0" timestamp="2020-10-16T16:36:41" hostname="neo.localdomain" time="0.015">
  <properties/>
  <testcase name="title_Test" classname="br.com.innovativethinking.framework.model.ObjectTest" time="0.0"/>
  <testcase name="compareAccuracy_Test" classname="br.com.innovativethinking.framework.model.ObjectTest" time="0.0"/>
  <testcase name="actionTarget_Test" classname="br.com.innovativethinking.framework.model.ObjectTest" time="0.0"/>
  <testcase name="sortPropertyId_Test" classname="br.com.innovativethinking.framework.model.ObjectTest" time="0.0"/>
  <testcase name="sequence_Test" classname="br.com.innovativethinking.framework.model.ObjectTest" time="0.0"/>
  <testcase name="level_Test" classname="br.com.innovativethinking.framework.model.ObjectTest" time="0.0"/>
  <testcase name="tooltip_Test" classname="br.com.innovativethinking.framework.model.ObjectTest" time="0.0"/>
  <testcase name="description_Test" classname="br.com.innovativethinking.framework.model.ObjectTest" time="0.0"/>
  <testcase name="type_Test" classname="br.com.innovativethinking.framework.model.ObjectTest" time="0.001"/>
  <testcase name="index_Test" classname="br.com.innovativethinking.framework.model.ObjectTest" time="0.0"/>
  <testcase name="parent_Test" classname="br.com.innovativethinking.framework.model.ObjectTest" time="0.006"/>
  <testcase name="name_Test" classname="br.com.innovativethinking.framework.model.ObjectTest" time="0.0"/>
  <testcase name="children_Test" classname="br.com.innovativethinking.framework.model.ObjectTest" time="0.0"/>
  <testcase name="action_Test" classname="br.com.innovativethinking.framework.model.ObjectTest" time="0.0"/>
  <testcase name="id_Test" classname="br.com.innovativethinking.framework.model.ObjectTest" time="0.0"/>
  <testcase name="groups_Test" classname="br.com.innovativethinking.framework.model.ObjectTest" time="0.0"/>
  <testcase name="form_Test" classname="br.com.innovativethinking.framework.model.ObjectTest" time="0.005"/>
  <system-out><![CDATA[]]></system-out>
  <system-err><![CDATA[]]></system-err>
</testsuite>
