<?xml version="1.0" encoding="UTF-8"?>
<testsuite name="br.com.innovativethinking.framework.audit.model.AuditorTest" tests="15" skipped="0" failures="0" errors="0" timestamp="2020-10-16T16:36:41" hostname="neo.localdomain" time="0.003">
  <properties/>
  <testcase name="responseTime_Test" classname="br.com.innovativethinking.framework.audit.model.AuditorTest" time="0.0"/>
  <testcase name="severity_Test" classname="br.com.innovativethinking.framework.audit.model.AuditorTest" time="0.0"/>
  <testcase name="message_Test" classname="br.com.innovativethinking.framework.audit.model.AuditorTest" time="0.0"/>
  <testcase name="compareAccuracy_Test" classname="br.com.innovativethinking.framework.audit.model.AuditorTest" time="0.0"/>
  <testcase name="sortPropertyId_Test" classname="br.com.innovativethinking.framework.audit.model.AuditorTest" time="0.0"/>
  <testcase name="loginSession_Test" classname="br.com.innovativethinking.framework.audit.model.AuditorTest" time="0.0"/>
  <testcase name="level_Test" classname="br.com.innovativethinking.framework.audit.model.AuditorTest" time="0.0"/>
  <testcase name="entityId_Test" classname="br.com.innovativethinking.framework.audit.model.AuditorTest" time="0.0"/>
  <testcase name="index_Test" classname="br.com.innovativethinking.framework.audit.model.AuditorTest" time="0.0"/>
  <testcase name="parent_Test" classname="br.com.innovativethinking.framework.audit.model.AuditorTest" time="0.0"/>
  <testcase name="businessComplement_Test" classname="br.com.innovativethinking.framework.audit.model.AuditorTest" time="0.0"/>
  <testcase name="startDateTime_Test" classname="br.com.innovativethinking.framework.audit.model.AuditorTest" time="0.0"/>
  <testcase name="children_Test" classname="br.com.innovativethinking.framework.audit.model.AuditorTest" time="0.0"/>
  <testcase name="businessId_Test" classname="br.com.innovativethinking.framework.audit.model.AuditorTest" time="0.0"/>
  <testcase name="id_Test" classname="br.com.innovativethinking.framework.audit.model.AuditorTest" time="0.0"/>
  <system-out><![CDATA[]]></system-out>
  <system-err><![CDATA[]]></system-err>
</testsuite>
